[debug] [2025-06-22T12:00:13.354Z] ----------------------------------------------------------------------
[debug] [2025-06-22T12:00:13.357Z] Command:       C:\Program Files\nodejs\node.exe C:\Users\harsh\AppData\Roaming\npm\node_modules\firebase-tools\lib\bin\firebase.js init
[debug] [2025-06-22T12:00:13.357Z] CLI Version:   14.8.0
[debug] [2025-06-22T12:00:13.358Z] Platform:      win32
[debug] [2025-06-22T12:00:13.358Z] Node Version:  v22.14.0
[debug] [2025-06-22T12:00:13.358Z] Time:          Sun Jun 22 2025 17:30:13 GMT+0530 (India Standard Time)
[debug] [2025-06-22T12:00:13.358Z] ----------------------------------------------------------------------
[debug] 
[debug] [2025-06-22T12:00:13.364Z] > command requires scopes: ["email","openid","https://www.googleapis.com/auth/cloudplatformprojects.readonly","https://www.googleapis.com/auth/firebase","https://www.googleapis.com/auth/cloud-platform"]
[debug] [2025-06-22T12:00:13.365Z] > authorizing via signed-in user (ashwani.chauhan366@gmail.com)
[info] 
     ######## #### ########  ######## ########     ###     ######  ########
     ##        ##  ##     ## ##       ##     ##  ##   ##  ##       ##
     ######    ##  ########  ######   ########  #########  ######  ######
     ##        ##  ##    ##  ##       ##     ## ##     ##       ## ##
     ##       #### ##     ## ######## ########  ##     ##  ######  ########

You're about to initialize a Firebase project in this directory:

  C:\Users\harsh\OneDrive\Documents\Railyatri\Railyatri

[debug] [2025-06-22T12:03:17.565Z] ExitPromptError: User force closed the prompt with SIGINT
    at Interface.sigint (C:\Users\harsh\AppData\Roaming\npm\node_modules\firebase-tools\node_modules\@inquirer\core\dist\commonjs\lib\create-prompt.js:101:37)
    at Interface.emit (node:events:518:28)
    at Interface.emit (node:domain:489:12)
    at [_ttyWrite] [as _ttyWrite] (node:internal/readline/interface:1124:18)
    at ReadStream.onkeypress (node:internal/readline/interface:263:20)
    at ReadStream.emit (node:events:530:35)
    at ReadStream.emit (node:domain:489:12)
    at emitKeys (node:internal/readline/utils:370:14)
    at emitKeys.next (<anonymous>)
    at ReadStream.onData (node:internal/readline/emitKeypressEvents:64:36)
[error] 
[error] Error: An unexpected error has occurred.
